app/build/outputs/logs/manifest-merger-debug-report.txt
-- Merging decision tree log ---
manifest
ADDED from src/main/AndroidManifest.xml:2:1-115:12
	package
		ADDED from src/main/AndroidManifest.xml:3:5-52
		INJECTED from src/main/AndroidManifest.xml
		INJECTED from src/main/AndroidManifest.xml
	android:versionName
		INJECTED from src/main/AndroidManifest.xml
		INJECTED from src/main/AndroidManifest.xml
	xmlns:android
		ADDED from src/main/AndroidManifest.xml:2:11-69
	android:versionCode
		INJECTED from src/main/AndroidManifest.xml
		INJECTED from src/main/AndroidManifest.xml
uses-permission#android.permission.WRITE_EXTERNAL_STORAGE
ADDED from src/main/AndroidManifest.xml:5:5-81
	android:name
		ADDED from src/main/AndroidManifest.xml:5:22-78
uses-permission#android.permission.INTERNET
ADDED from src/main/AndroidManifest.xml:6:5-67
	android:name
		ADDED from src/main/AndroidManifest.xml:6:22-64
uses-permission#android.permission.BATTERY_STATS
ADDED from src/main/AndroidManifest.xml:7:5-72
	android:name
		ADDED from src/main/AndroidManifest.xml:7:22-69
uses-permission#android.permission.READ_PHONE_STATE
ADDED from src/main/AndroidManifest.xml:8:5-75
	android:name
		ADDED from src/main/AndroidManifest.xml:8:22-72
uses-permission#android.permission.SYSTEM_ALERT_WINDOW
ADDED from src/main/AndroidManifest.xml:9:5-78
	android:name
		ADDED from src/main/AndroidManifest.xml:9:22-75
uses-permission#android.permission.RECEIVE_BOOT_COMPLETED
ADDED from src/main/AndroidManifest.xml:10:5-81
	android:name
		ADDED from src/main/AndroidManifest.xml:10:22-78
uses-permission#android.permission.BIND_ACCESSIBILITY_SERVICE
ADDED from src/main/AndroidManifest.xml:11:5-85
	android:name
		ADDED from src/main/AndroidManifest.xml:11:22-82
uses-permission#android.permission.ACCESS_WIFI_STATE
ADDED from src/main/AndroidManifest.xml:12:5-76
	android:name
		ADDED from src/main/AndroidManifest.xml:12:22-73
uses-permission#android.permission.ACCESS_NETWORK_STATE
ADDED from src/main/AndroidManifest.xml:13:5-79
	android:name
		ADDED from src/main/AndroidManifest.xml:13:22-76
uses-permission#android.permission.CHANGE_NETWORK_STATE
ADDED from src/main/AndroidManifest.xml:14:5-79
	android:name
		ADDED from src/main/AndroidManifest.xml:14:22-76
uses-permission#android.permission.CHANGE_WIFI_STATE
ADDED from src/main/AndroidManifest.xml:15:5-76
	android:name
		ADDED from src/main/AndroidManifest.xml:15:22-73
uses-permission#android.permission.VIBRATE
ADDED from src/main/AndroidManifest.xml:16:5-66
	android:name
		ADDED from src/main/AndroidManifest.xml:16:22-63
uses-permission#android.permission.BROADCAST_STICKY
ADDED from src/main/AndroidManifest.xml:17:5-75
	android:name
		ADDED from src/main/AndroidManifest.xml:17:22-72
uses-permission#android.permission.WAKE_LOCK
ADDED from src/main/AndroidManifest.xml:18:5-68
	android:name
		ADDED from src/main/AndroidManifest.xml:18:22-65
uses-permission#android.permission.RECEIVE_USER_PRESENT
ADDED from src/main/AndroidManifest.xml:19:5-79
	android:name
		ADDED from src/main/AndroidManifest.xml:19:22-76
application
ADDED from src/main/AndroidManifest.xml:22:5-114:19
MERGED from [com.android.support:appcompat-v7:22.2.1] AndroidManifest.xml:22:5-20
MERGED from [com.android.support:support-v4:22.2.1] AndroidManifest.xml:22:5-20
	android:label
		ADDED from src/main/AndroidManifest.xml:26:9-41
	android:supportsRtl
		ADDED from src/main/AndroidManifest.xml:28:9-35
	android:excludeFromRecents
		ADDED from src/main/AndroidManifest.xml:24:9-42
	android:allowBackup
		ADDED from src/main/AndroidManifest.xml:23:9-35
	android:icon
		ADDED from src/main/AndroidManifest.xml:25:9-43
	android:persistent
		ADDED from src/main/AndroidManifest.xml:27:9-34
	android:theme
		ADDED from src/main/AndroidManifest.xml:29:9-40
activity#com.example.administrator.topactivity.MainActivity
ADDED from src/main/AndroidManifest.xml:31:9-38:20
	android:excludeFromRecents
		ADDED from src/main/AndroidManifest.xml:33:13-46
	android:name
		ADDED from src/main/AndroidManifest.xml:32:13-41
intent-filter#android.intent.action.MAIN+android.intent.category.LAUNCHER
ADDED from src/main/AndroidManifest.xml:34:13-37:29
action#android.intent.action.MAIN
ADDED from src/main/AndroidManifest.xml:35:17-69
	android:name
		ADDED from src/main/AndroidManifest.xml:35:25-66
category#android.intent.category.LAUNCHER
ADDED from src/main/AndroidManifest.xml:36:17-77
	android:name
		ADDED from src/main/AndroidManifest.xml:36:27-74
service#com.example.administrator.topactivity.service.DaemonService
ADDED from src/main/AndroidManifest.xml:40:9-45:47
	android:process
		ADDED from src/main/AndroidManifest.xml:44:13-38
	android:excludeFromRecents
		ADDED from src/main/AndroidManifest.xml:42:13-46
	android:priority
		ADDED from src/main/AndroidManifest.xml:43:13-42
	android:showOnLockScreen
		ADDED from src/main/AndroidManifest.xml:45:13-44
	android:name
		ADDED from src/main/AndroidManifest.xml:41:13-50
service#com.example.administrator.topactivity.service.MyService
ADDED from src/main/AndroidManifest.xml:47:9-50:45
	android:excludeFromRecents
		ADDED from src/main/AndroidManifest.xml:49:13-46
	android:priority
		ADDED from src/main/AndroidManifest.xml:50:13-42
	android:name
		ADDED from src/main/AndroidManifest.xml:48:13-46
receiver#com.example.administrator.topactivity.receiver.AlarmReceiver
ADDED from src/main/AndroidManifest.xml:52:9-60:20
	android:enabled
		ADDED from src/main/AndroidManifest.xml:54:13-35
	android:excludeFromRecents
		ADDED from src/main/AndroidManifest.xml:55:13-46
	android:name
		ADDED from src/main/AndroidManifest.xml:53:13-51
intent-filter#com.wyt.android.intent.ALARM+com.wyt.android.intent.NOTIFICATIOIN
ADDED from src/main/AndroidManifest.xml:56:13-59:29
	android:priority
		ADDED from src/main/AndroidManifest.xml:56:28-57
action#com.wyt.android.intent.ALARM
ADDED from src/main/AndroidManifest.xml:57:17-71
	android:name
		ADDED from src/main/AndroidManifest.xml:57:25-68
action#com.wyt.android.intent.NOTIFICATIOIN
ADDED from src/main/AndroidManifest.xml:58:17-79
	android:name
		ADDED from src/main/AndroidManifest.xml:58:25-76
receiver#com.example.administrator.topactivity.receiver.PackageReceiver
ADDED from src/main/AndroidManifest.xml:62:9-75:20
	android:enabled
		ADDED from src/main/AndroidManifest.xml:64:13-35
	android:excludeFromRecents
		ADDED from src/main/AndroidManifest.xml:65:13-46
	android:name
		ADDED from src/main/AndroidManifest.xml:63:13-53
intent-filter#android.intent.action.PACKAGE_ADDED+android.intent.action.PACKAGE_CHANGED+android.intent.action.PACKAGE_DATA_CLEARED+android.intent.action.PACKAGE_INSTALL+android.intent.action.PACKAGE_REMOVED+android.intent.action.PACKAGE_REPLACED+android.intent.action.PACKAGE_RESTARTED
ADDED from src/main/AndroidManifest.xml:66:13-74:29
	android:priority
		ADDED from src/main/AndroidManifest.xml:66:28-57
action#android.intent.action.PACKAGE_ADDED
ADDED from src/main/AndroidManifest.xml:67:17-78
	android:name
		ADDED from src/main/AndroidManifest.xml:67:25-75
action#android.intent.action.PACKAGE_CHANGED
ADDED from src/main/AndroidManifest.xml:68:17-80
	android:name
		ADDED from src/main/AndroidManifest.xml:68:25-77
action#android.intent.action.PACKAGE_DATA_CLEARED
ADDED from src/main/AndroidManifest.xml:69:17-85
	android:name
		ADDED from src/main/AndroidManifest.xml:69:25-82
action#android.intent.action.PACKAGE_INSTALL
ADDED from src/main/AndroidManifest.xml:70:17-80
	android:name
		ADDED from src/main/AndroidManifest.xml:70:25-77
action#android.intent.action.PACKAGE_REMOVED
ADDED from src/main/AndroidManifest.xml:71:17-80
	android:name
		ADDED from src/main/AndroidManifest.xml:71:25-77
action#android.intent.action.PACKAGE_REPLACED
ADDED from src/main/AndroidManifest.xml:72:17-81
	android:name
		ADDED from src/main/AndroidManifest.xml:72:25-78
action#android.intent.action.PACKAGE_RESTARTED
ADDED from src/main/AndroidManifest.xml:73:17-82
	android:name
		ADDED from src/main/AndroidManifest.xml:73:25-79
receiver#com.example.administrator.topactivity.receiver.BootReceiver
ADDED from src/main/AndroidManifest.xml:77:9-85:20
	android:enabled
		ADDED from src/main/AndroidManifest.xml:79:13-35
	android:excludeFromRecents
		ADDED from src/main/AndroidManifest.xml:80:13-46
	android:name
		ADDED from src/main/AndroidManifest.xml:78:13-50
intent-filter#android.intent.action.BOOT_COMPLETED+android.intent.action.USER_PRESENT
ADDED from src/main/AndroidManifest.xml:81:13-84:29
	android:priority
		ADDED from src/main/AndroidManifest.xml:81:28-57
action#android.intent.action.USER_PRESENT
ADDED from src/main/AndroidManifest.xml:82:17-77
	android:name
		ADDED from src/main/AndroidManifest.xml:82:25-74
action#android.intent.action.BOOT_COMPLETED
ADDED from src/main/AndroidManifest.xml:83:17-79
	android:name
		ADDED from src/main/AndroidManifest.xml:83:25-76
receiver#com.example.administrator.topactivity.receiver.ConnectReceiver
ADDED from src/main/AndroidManifest.xml:87:9-112:20
	android:enabled
		ADDED from src/main/AndroidManifest.xml:89:13-35
	android:excludeFromRecents
		ADDED from src/main/AndroidManifest.xml:90:13-46
	android:name
		ADDED from src/main/AndroidManifest.xml:88:13-53
intent-filter#android.bluetooth.adapter.action.STATE_CHANGED+android.intent.action.ANY_DATA_STATE+android.net.conn.CONNECTIVITY_CHANGE+android.net.wifi.STATE_CHANGE+android.net.wifi.WIFI_STATE_CHANGED
ADDED from src/main/AndroidManifest.xml:91:13-97:29
	android:priority
		ADDED from src/main/AndroidManifest.xml:91:28-57
action#android.bluetooth.adapter.action.STATE_CHANGED
ADDED from src/main/AndroidManifest.xml:92:17-89
	android:name
		ADDED from src/main/AndroidManifest.xml:92:25-86
action#android.net.wifi.WIFI_STATE_CHANGED
ADDED from src/main/AndroidManifest.xml:93:17-78
	android:name
		ADDED from src/main/AndroidManifest.xml:93:25-75
action#android.net.conn.CONNECTIVITY_CHANGE
ADDED from src/main/AndroidManifest.xml:94:17-79
	android:name
		ADDED from src/main/AndroidManifest.xml:94:25-76
action#android.intent.action.ANY_DATA_STATE
ADDED from src/main/AndroidManifest.xml:95:17-79
	android:name
		ADDED from src/main/AndroidManifest.xml:95:25-76
action#android.net.wifi.STATE_CHANGE
ADDED from src/main/AndroidManifest.xml:96:17-72
	android:name
		ADDED from src/main/AndroidManifest.xml:96:25-69
intent-filter#android.intent.action.MEDIA_CHECKING+android.intent.action.MEDIA_EJECT+android.intent.action.MEDIA_REMOVED+android.intent.action.MEDIA_UNMOUNTED
ADDED from src/main/AndroidManifest.xml:98:13-105:29
	android:priority
		ADDED from src/main/AndroidManifest.xml:98:28-57
action#android.intent.action.MEDIA_UNMOUNTED
ADDED from src/main/AndroidManifest.xml:99:17-80
	android:name
		ADDED from src/main/AndroidManifest.xml:99:25-77
action#android.intent.action.MEDIA_REMOVED
ADDED from src/main/AndroidManifest.xml:100:17-78
	android:name
		ADDED from src/main/AndroidManifest.xml:100:25-75
action#android.intent.action.MEDIA_CHECKING
ADDED from src/main/AndroidManifest.xml:101:17-79
	android:name
		ADDED from src/main/AndroidManifest.xml:101:25-76
action#android.intent.action.MEDIA_EJECT
ADDED from src/main/AndroidManifest.xml:102:17-76
	android:name
		ADDED from src/main/AndroidManifest.xml:102:25-73
data
ADDED from src/main/AndroidManifest.xml:104:17-47
	android:scheme
		ADDED from src/main/AndroidManifest.xml:104:23-44
intent-filter#android.intent.action.SERVICE_STATE
ADDED from src/main/AndroidManifest.xml:106:13-108:29
	android:priority
		ADDED from src/main/AndroidManifest.xml:106:28-57
action#android.intent.action.SERVICE_STATE
ADDED from src/main/AndroidManifest.xml:107:17-78
	android:name
		ADDED from src/main/AndroidManifest.xml:107:25-75
intent-filter#android.intent.action.SIM_STATE_CHANGED
ADDED from src/main/AndroidManifest.xml:109:13-111:29
	android:priority
		ADDED from src/main/AndroidManifest.xml:109:28-57
action#android.intent.action.SIM_STATE_CHANGED
ADDED from src/main/AndroidManifest.xml:110:17-82
	android:name
		ADDED from src/main/AndroidManifest.xml:110:25-79
uses-sdk
INJECTED from src/main/AndroidManifest.xml reason: use-sdk injection requested
MERGED from [com.android.support:appcompat-v7:22.2.1] AndroidManifest.xml:20:5-43
MERGED from [com.android.support:support-v4:22.2.1] AndroidManifest.xml:20:5-43
	android:targetSdkVersion
		INJECTED from src/main/AndroidManifest.xml
		INJECTED from src/main/AndroidManifest.xml
	android:minSdkVersion
		INJECTED from src/main/AndroidManifest.xml
		INJECTED from src/main/AndroidManifest.xml